  tinyxmlparser.cpp
  tinyxmlerror.cpp
  tinyxml.cpp
  tinystr.cpp
  Texture2D.cpp
  Source.cpp
  VirtualJoypad.cpp
  LevelMap.cpp
  GameScreen_RainbowIslands.cpp
f:\projects\uni 3rd year\ai-lunar-lander-genetic-algorithm\gameai\rainbowislands\gamescreen_rainbowislands.cpp(45): warning C4244: 'argument': conversion from 'double' to 'int', possible loss of data
f:\projects\uni 3rd year\ai-lunar-lander-genetic-algorithm\gameai\rainbowislands\gamescreen_rainbowislands.cpp(203): warning C4244: '+=': conversion from 'float' to 'int', possible loss of data
f:\projects\uni 3rd year\ai-lunar-lander-genetic-algorithm\gameai\rainbowislands\gamescreen_rainbowislands.cpp(491): warning C4305: 'initializing': truncation from 'double' to 'float'
f:\projects\uni 3rd year\ai-lunar-lander-genetic-algorithm\gameai\rainbowislands\gamescreen_rainbowislands.cpp(494): warning C4244: 'initializing': conversion from 'double' to 'float', possible loss of data
f:\projects\uni 3rd year\ai-lunar-lander-genetic-algorithm\gameai\rainbowislands\gamescreen_rainbowislands.cpp(950): warning C4018: '<': signed/unsigned mismatch
f:\projects\uni 3rd year\ai-lunar-lander-genetic-algorithm\gameai\rainbowislands\gamescreen_rainbowislands.cpp(1063): warning C4018: '<': signed/unsigned mismatch
  CharacterRainbow.cpp
  CharacterFruit.cpp
  CharacterChest.cpp
  CharacterCaterpillar.cpp
  CharacterBub.cpp
f:\projects\uni 3rd year\ai-lunar-lander-genetic-algorithm\gameai\rainbowislands\characterbub.cpp(321): warning C4244: 'initializing': conversion from 'float' to 'int', possible loss of data
f:\projects\uni 3rd year\ai-lunar-lander-genetic-algorithm\gameai\rainbowislands\characterbub.cpp(322): warning C4244: 'initializing': conversion from 'float' to 'int', possible loss of data
f:\projects\uni 3rd year\ai-lunar-lander-genetic-algorithm\gameai\rainbowislands\characterbub.cpp(324): warning C4244: 'initializing': conversion from 'float' to 'int', possible loss of data
f:\projects\uni 3rd year\ai-lunar-lander-genetic-algorithm\gameai\rainbowislands\characterbub.cpp(325): warning C4244: 'initializing': conversion from 'float' to 'int', possible loss of data
f:\projects\uni 3rd year\ai-lunar-lander-genetic-algorithm\gameai\rainbowislands\characterbub.cpp(360): warning C4244: '+=': conversion from 'float' to 'int', possible loss of data
f:\projects\uni 3rd year\ai-lunar-lander-genetic-algorithm\gameai\rainbowislands\characterbub.cpp(362): warning C4244: '+=': conversion from 'float' to 'int', possible loss of data
  Character.cpp
  NeuralNetwork.cpp
f:\projects\uni 3rd year\ai-lunar-lander-genetic-algorithm\gameai\neuralnetwork.cpp(207): warning C4244: '=': conversion from 'double' to 'int', possible loss of data
f:\projects\uni 3rd year\ai-lunar-lander-genetic-algorithm\gameai\neuralnetwork.cpp(246): warning C4018: '<': signed/unsigned mismatch
  LunarLander.cpp
  GameScreen_Lunar.cpp
f:\projects\uni 3rd year\ai-lunar-lander-genetic-algorithm\gameai\lunar\gamescreen_lunar.cpp(226): warning C4156: deletion of an array expression without using the array form of 'delete'; array form substituted
f:\projects\uni 3rd year\ai-lunar-lander-genetic-algorithm\gameai\lunar\gamescreen_lunar.cpp(226): warning C4154: deletion of an array expression; conversion to pointer supplied
  GeneticAlgorithm.cpp
f:\projects\uni 3rd year\ai-lunar-lander-genetic-algorithm\gameai\geneticalgorithm.cpp(44): warning C4018: '<': signed/unsigned mismatch
f:\projects\uni 3rd year\ai-lunar-lander-genetic-algorithm\gameai\geneticalgorithm.cpp(120): warning C4018: '<': signed/unsigned mismatch
f:\projects\uni 3rd year\ai-lunar-lander-genetic-algorithm\gameai\geneticalgorithm.cpp(164): warning C4018: '<': signed/unsigned mismatch
  GameScreenManager.cpp
  Generating Code...
  Compiling...
  GameScreen.cpp
  GameScreen_Conway.cpp
  Collisions.cpp
  ChessPlayer.cpp
  GameScreen_Chess.cpp
  ChessOpenings.cpp
  ChessMoveManager.cpp
  ChessPlayerAI.cpp
f:\projects\uni 3rd year\ai-lunar-lander-genetic-algorithm\gameai\chessplayerai.cpp(90): warning C4244: 'return': conversion from 'float' to 'int', possible loss of data
f:\projects\uni 3rd year\ai-lunar-lander-genetic-algorithm\gameai\chessplayerai.cpp(136): warning C4244: 'return': conversion from 'float' to 'int', possible loss of data
f:\projects\uni 3rd year\ai-lunar-lander-genetic-algorithm\gameai\chessplayerai.cpp(203): warning C4244: 'return': conversion from 'float' to 'int', possible loss of data
f:\projects\uni 3rd year\ai-lunar-lander-genetic-algorithm\gameai\chessplayerai.cpp(234): warning C4244: 'return': conversion from 'float' to 'int', possible loss of data
f:\projects\uni 3rd year\ai-lunar-lander-genetic-algorithm\gameai\chessplayerai.cpp(506): warning C4244: '=': conversion from 'int' to 'float', possible loss of data
f:\projects\uni 3rd year\ai-lunar-lander-genetic-algorithm\gameai\chessplayerai.cpp(549): warning C4018: '>=': signed/unsigned mismatch
f:\projects\uni 3rd year\ai-lunar-lander-genetic-algorithm\gameai\chessplayerai.cpp(584): warning C4244: 'return': conversion from 'float' to 'int', possible loss of data
f:\projects\uni 3rd year\ai-lunar-lander-genetic-algorithm\gameai\chessplayerai.cpp(613): warning C4244: 'return': conversion from 'float' to 'int', possible loss of data
f:\projects\uni 3rd year\ai-lunar-lander-genetic-algorithm\gameai\chessplayerai.cpp(651): warning C4305: '=': truncation from 'const int' to 'float'
  ChessClosings.cpp
  Generating Code...
  LINK : F:\Projects\Uni 3rd Year\AI-Lunar-Lander-Genetic-Algorithm\Debug\GameAI.exe not found or not built by the last incremental link; performing full link
  GameAI.vcxproj -> F:\Projects\Uni 3rd Year\AI-Lunar-Lander-Genetic-Algorithm\Debug\GameAI.exe
